# JRE version: OpenJDK Runtime Environment Temurin-17.0.3+7 (17.0.3+7) (build 17.0.3+7)
# Java VM: OpenJDK 64-Bit Server VM Temurin-17.0.3+7 (17.0.3+7, mixed mode, tiered, compressed oops, compressed class ptrs, g1 gc, windows-amd64)
GC Precious Log:
 CPUs: 2 total, 2 available
 Memory: 4094M
 Large Page Support: Disabled
 NUMA Support: Disabled
 Compressed Oops: Enabled (32-bit)
 Heap Region Size: 1M
 Heap Min Capacity: 8M
 Heap Initial Capacity: 64M
 Heap Max Capacity: 1G
 Pre-touch: Disabled
 Parallel Workers: 2
 Concurrent Workers: 1
 Concurrent Refinement Workers: 2
 Periodic GC: Disabled
Heap:
 garbage-first heap   total 33792K, used 21504K [0x00000000c0000000, 0x0000000100000000)
  region size 1024K, 10 young (10240K), 2 survivors (2048K)
 Metaspace       used 27461K, committed 27712K, reserved 1073152K
  class space    used 3378K, committed 3520K, reserved 1048576K
GC Heap History (14 events):
Event: 0.348 GC heap before
{Heap before GC invocations=0 (full 0):
 garbage-first heap   total 65536K, used 5120K [0x00000000c0000000, 0x0000000100000000)
  region size 1024K, 6 young (6144K), 0 survivors (0K)
 Metaspace       used 6458K, committed 6592K, reserved 1056768K
  class space    used 564K, committed 576K, reserved 1048576K
}
Event: 0.352 GC heap after
{Heap after GC invocations=1 (full 0):
 garbage-first heap   total 65536K, used 1024K [0x00000000c0000000, 0x0000000100000000)
  region size 1024K, 1 young (1024K), 1 survivors (1024K)
 Metaspace       used 6458K, committed 6592K, reserved 1056768K
  class space    used 564K, committed 576K, reserved 1048576K
}
Event: 0.654 GC heap before
{Heap before GC invocations=1 (full 0):
 garbage-first heap   total 65536K, used 6144K [0x00000000c0000000, 0x0000000100000000)
  region size 1024K, 7 young (7168K), 1 survivors (1024K)
 Metaspace       used 8787K, committed 8960K, reserved 1056768K
  class space    used 832K, committed 896K, reserved 1048576K
}
Event: 0.659 GC heap after
{Heap after GC invocations=2 (full 0):
 garbage-first heap   total 65536K, used 1593K [0x00000000c0000000, 0x0000000100000000)
  region size 1024K, 1 young (1024K), 1 survivors (1024K)
 Metaspace       used 8787K, committed 8960K, reserved 1056768K
  class space    used 832K, committed 896K, reserved 1048576K
}
Event: 1.082 GC heap before
{Heap before GC invocations=2 (full 0):
 garbage-first heap   total 65536K, used 13881K [0x00000000c0000000, 0x0000000100000000)
  region size 1024K, 14 young (14336K), 1 survivors (1024K)
 Metaspace       used 14395K, committed 14592K, reserved 1064960K
  class space    used 1539K, committed 1664K, reserved 1048576K
}
Event: 1.088 GC heap after
{Heap after GC invocations=3 (full 0):
 garbage-first heap   total 65536K, used 3584K [0x00000000c0000000, 0x0000000100000000)
  region size 1024K, 2 young (2048K), 2 survivors (2048K)
 Metaspace       used 14395K, committed 14592K, reserved 1064960K
  class space    used 1539K, committed 1664K, reserved 1048576K
}
Event: 2.249 GC heap before
{Heap before GC invocations=3 (full 0):
 garbage-first heap   total 65536K, used 28160K [0x00000000c0000000, 0x0000000100000000)
  region size 1024K, 27 young (27648K), 2 survivors (2048K)
 Metaspace       used 21326K, committed 21504K, reserved 1073152K
  class space    used 2642K, committed 2752K, reserved 1048576K
}
Event: 2.261 GC heap after
{Heap after GC invocations=4 (full 0):
 garbage-first heap   total 65536K, used 6862K [0x00000000c0000000, 0x0000000100000000)
  region size 1024K, 5 young (5120K), 5 survivors (5120K)
 Metaspace       used 21326K, committed 21504K, reserved 1073152K
  class space    used 2642K, committed 2752K, reserved 1048576K
}
Event: 2.977 GC heap before
{Heap before GC invocations=5 (full 0):
 garbage-first heap   total 27648K, used 18126K [0x00000000c0000000, 0x0000000100000000)
  region size 1024K, 16 young (16384K), 5 survivors (5120K)
 Metaspace       used 23697K, committed 23936K, reserved 1073152K
  class space    used 3074K, committed 3200K, reserved 1048576K
}
Event: 2.992 GC heap after
{Heap after GC invocations=6 (full 0):
 garbage-first heap   total 27648K, used 8716K [0x00000000c0000000, 0x0000000100000000)
  region size 1024K, 2 young (2048K), 2 survivors (2048K)
 Metaspace       used 23697K, committed 23936K, reserved 1073152K
  class space    used 3074K, committed 3200K, reserved 1048576K
}
Event: 3.085 GC heap before
{Heap before GC invocations=6 (full 0):
 garbage-first heap   total 27648K, used 8716K [0x00000000c0000000, 0x0000000100000000)
  region size 1024K, 3 young (3072K), 2 survivors (2048K)
 Metaspace       used 23985K, committed 24192K, reserved 1073152K
  class space    used 3108K, committed 3200K, reserved 1048576K
}
Event: 3.093 GC heap after
{Heap after GC invocations=7 (full 0):
 garbage-first heap   total 33792K, used 9135K [0x00000000c0000000, 0x0000000100000000)
  region size 1024K, 1 young (1024K), 1 survivors (1024K)
 Metaspace       used 23985K, committed 24192K, reserved 1073152K
  class space    used 3108K, committed 3200K, reserved 1048576K
}
Event: 8.830 GC heap before
{Heap before GC invocations=7 (full 0):
 garbage-first heap   total 33792K, used 23471K [0x00000000c0000000, 0x0000000100000000)
  region size 1024K, 13 young (13312K), 1 survivors (1024K)
 Metaspace       used 26765K, committed 27008K, reserved 1073152K
  class space    used 3371K, committed 3520K, reserved 1048576K
}
Event: 8.842 GC heap after
{Heap after GC invocations=8 (full 0):
 garbage-first heap   total 33792K, used 14336K [0x00000000c0000000, 0x0000000100000000)
  region size 1024K, 2 young (2048K), 2 survivors (2048K)
 Metaspace       used 26765K, committed 27008K, reserved 1073152K
  class space    used 3371K, committed 3520K, reserved 1048576K
}

