# JRE version: OpenJDK Runtime Environment Temurin-17.0.3+7 (17.0.3+7) (build 17.0.3+7)
# Java VM: OpenJDK 64-Bit Server VM Temurin-17.0.3+7 (17.0.3+7, mixed mode, tiered, compressed oops, compressed class ptrs, g1 gc, windows-amd64)
GC Precious Log:
 CPUs: 2 total, 2 available
 Memory: 4094M
 Large Page Support: Disabled
 NUMA Support: Disabled
 Compressed Oops: Enabled (32-bit)
 Heap Region Size: 1M
 Heap Min Capacity: 8M
 Heap Initial Capacity: 64M
 Heap Max Capacity: 1G
 Pre-touch: Disabled
 Parallel Workers: 2
 Concurrent Workers: 1
 Concurrent Refinement Workers: 2
 Periodic GC: Disabled
Heap:
 garbage-first heap   total 27648K, used 11259K [0x00000000c0000000, 0x0000000100000000)
  region size 1024K, 1 young (1024K), 1 survivors (1024K)
 Metaspace       used 24350K, committed 24576K, reserved 1073152K
  class space    used 3148K, committed 3264K, reserved 1048576K
GC Heap History (11 events):
Event: 0.283 GC heap before
{Heap before GC invocations=0 (full 0):
 garbage-first heap   total 65536K, used 5120K [0x00000000c0000000, 0x0000000100000000)
  region size 1024K, 6 young (6144K), 0 survivors (0K)
 Metaspace       used 6447K, committed 6528K, reserved 1056768K
  class space    used 564K, committed 576K, reserved 1048576K
}
Event: 0.286 GC heap after
{Heap after GC invocations=1 (full 0):
 garbage-first heap   total 65536K, used 1024K [0x00000000c0000000, 0x0000000100000000)
  region size 1024K, 1 young (1024K), 1 survivors (1024K)
 Metaspace       used 6447K, committed 6528K, reserved 1056768K
  class space    used 564K, committed 576K, reserved 1048576K
}
Event: 0.544 GC heap before
{Heap before GC invocations=1 (full 0):
 garbage-first heap   total 65536K, used 7168K [0x00000000c0000000, 0x0000000100000000)
  region size 1024K, 7 young (7168K), 1 survivors (1024K)
 Metaspace       used 8780K, committed 8960K, reserved 1056768K
  class space    used 833K, committed 896K, reserved 1048576K
}
Event: 0.550 GC heap after
{Heap after GC invocations=2 (full 0):
 garbage-first heap   total 65536K, used 1595K [0x00000000c0000000, 0x0000000100000000)
  region size 1024K, 1 young (1024K), 1 survivors (1024K)
 Metaspace       used 8780K, committed 8960K, reserved 1056768K
  class space    used 833K, committed 896K, reserved 1048576K
}
Event: 0.839 GC heap before
{Heap before GC invocations=2 (full 0):
 garbage-first heap   total 65536K, used 13883K [0x00000000c0000000, 0x0000000100000000)
  region size 1024K, 14 young (14336K), 1 survivors (1024K)
 Metaspace       used 13786K, committed 13952K, reserved 1064960K
  class space    used 1480K, committed 1536K, reserved 1048576K
}
Event: 0.844 GC heap after
{Heap after GC invocations=3 (full 0):
 garbage-first heap   total 65536K, used 3394K [0x00000000c0000000, 0x0000000100000000)
  region size 1024K, 2 young (2048K), 2 survivors (2048K)
 Metaspace       used 13786K, committed 13952K, reserved 1064960K
  class space    used 1480K, committed 1536K, reserved 1048576K
}
Event: 1.919 GC heap before
{Heap before GC invocations=3 (full 0):
 garbage-first heap   total 65536K, used 30018K [0x00000000c0000000, 0x0000000100000000)
  region size 1024K, 29 young (29696K), 2 survivors (2048K)
 Metaspace       used 21271K, committed 21504K, reserved 1073152K
  class space    used 2739K, committed 2880K, reserved 1048576K
}
Event: 1.931 GC heap after
{Heap after GC invocations=4 (full 0):
 garbage-first heap   total 65536K, used 6755K [0x00000000c0000000, 0x0000000100000000)
  region size 1024K, 5 young (5120K), 5 survivors (5120K)
 Metaspace       used 21271K, committed 21504K, reserved 1073152K
  class space    used 2739K, committed 2880K, reserved 1048576K
}
Event: 2.568 GC heap before
{Heap before GC invocations=5 (full 0):
 garbage-first heap   total 27648K, used 16995K [0x00000000c0000000, 0x0000000100000000)
  region size 1024K, 16 young (16384K), 5 survivors (5120K)
 Metaspace       used 24176K, committed 24448K, reserved 1073152K
  class space    used 3130K, committed 3264K, reserved 1048576K
}
Event: 2.584 GC heap after
{Heap after GC invocations=6 (full 0):
 garbage-first heap   total 27648K, used 8730K [0x00000000c0000000, 0x0000000100000000)
  region size 1024K, 2 young (2048K), 2 survivors (2048K)
 Metaspace       used 24176K, committed 24448K, reserved 1073152K
  class space    used 3130K, committed 3264K, reserved 1048576K
}
Event: 2.691 GC heap before
{Heap before GC invocations=6 (full 0):
 garbage-first heap   total 27648K, used 11802K [0x00000000c0000000, 0x0000000100000000)
  region size 1024K, 3 young (3072K), 2 survivors (2048K)
 Metaspace       used 24350K, committed 24576K, reserved 1073152K
  class space    used 3148K, committed 3264K, reserved 1048576K
}

